<?xml version="1.0" ?>
<!DOCTYPE coverage SYSTEM "http://cobertura.sourceforge.net/xml/coverage-04.dtd">
<coverage lines-valid="26" lines-covered="26" line-rate="1" branches-valid="10" branches-covered="10" branch-rate="1" timestamp="1570705548507" complexity="0" version="0.1">
  <sources>
    <source>C:\projects\Angular 8\number-to-roman</source>
  </sources>
  <packages>
    <package name="src" line-rate="1" branch-rate="1">
      <classes>
        <class name="polyfills.ts" filename="src\polyfills.ts" line-rate="0" branch-rate="0">
          <methods>
          </methods>
          <lines>
          </lines>
        </class>
        <class name="test.ts" filename="src\test.ts" line-rate="1" branch-rate="1">
          <methods>
          </methods>
          <lines>
            <line number="13" hits="1" branch="false"/>
            <line number="18" hits="1" branch="false"/>
            <line number="20" hits="1" branch="false"/>
          </lines>
        </class>
      </classes>
    </package>
    <package name="src.app" line-rate="1" branch-rate="1">
      <classes>
        <class name="app.component.ts" filename="src\app\app.component.ts" line-rate="1" branch-rate="1">
          <methods>
            <method name="(anonymous_0)" hits="1" signature="()V">
              <lines>
                <line number="3" hits="1"/>
              </lines>
            </method>
          </methods>
          <lines>
            <line number="8" hits="1" branch="false"/>
            <line number="9" hits="1" branch="false"/>
          </lines>
        </class>
      </classes>
    </package>
    <package name="src.app.components.number-to-roman" line-rate="1" branch-rate="1">
      <classes>
        <class name="number-to-roman.component.ts" filename="src\app\components\number-to-roman\number-to-roman.component.ts" line-rate="1" branch-rate="1">
          <methods>
            <method name="(anonymous_0)" hits="10" signature="()V">
              <lines>
                <line number="3" hits="10"/>
              </lines>
            </method>
            <method name="(anonymous_1)" hits="6" signature="()V">
              <lines>
                <line number="21" hits="6"/>
              </lines>
            </method>
            <method name="(anonymous_2)" hits="6" signature="()V">
              <lines>
                <line number="17" hits="6"/>
              </lines>
            </method>
          </methods>
          <lines>
            <line number="7" hits="1" branch="false"/>
            <line number="10" hits="1" branch="false"/>
            <line number="11" hits="10" branch="false"/>
            <line number="12" hits="10" branch="false"/>
            <line number="15" hits="10" branch="false"/>
            <line number="18" hits="6" branch="false"/>
            <line number="21" hits="10" branch="false"/>
            <line number="22" hits="6" branch="false"/>
            <line number="23" hits="6" branch="true" condition-coverage="100% (2/2)"/>
            <line number="24" hits="1" branch="false"/>
            <line number="27" hits="5" branch="true" condition-coverage="100% (2/2)"/>
            <line number="29" hits="1" branch="false"/>
            <line number="32" hits="4" branch="true" condition-coverage="100% (2/2)"/>
            <line number="33" hits="1" branch="false"/>
            <line number="35" hits="3" branch="true" condition-coverage="100% (4/4)"/>
            <line number="36" hits="1" branch="false"/>
            <line number="38" hits="2" branch="false"/>
            <line number="40" hits="26" branch="false"/>
            <line number="42" hits="16" branch="false"/>
            <line number="43" hits="16" branch="false"/>
            <line number="47" hits="2" branch="false"/>
          </lines>
        </class>
      </classes>
    </package>
  </packages>
</coverage>
