TN:
SF:C:\projects\Angular 8\number-to-roman\src\polyfills.ts
FNF:0
FNH:0
LF:0
LH:0
BRF:0
BRH:0
end_of_record
TN:
SF:C:\projects\Angular 8\number-to-roman\src\test.ts
FNF:0
FNH:0
DA:13,1
DA:18,1
DA:20,1
LF:3
LH:3
BRF:0
BRH:0
end_of_record
TN:
SF:C:\projects\Angular 8\number-to-roman\src\app\app.component.ts
FN:3,(anonymous_0)
FNF:1
FNH:1
FNDA:1,(anonymous_0)
DA:7,1
DA:8,1
LF:2
LH:2
BRF:0
BRH:0
end_of_record
TN:
SF:C:\projects\Angular 8\number-to-roman\src\app\components\number-to-roman\number-to-roman.component.ts
FN:3,(anonymous_0)
FN:21,(anonymous_1)
FN:17,(anonymous_2)
FNF:3
FNH:3
FNDA:10,(anonymous_0)
FNDA:6,(anonymous_1)
FNDA:6,(anonymous_2)
DA:7,1
DA:10,1
DA:11,10
DA:12,10
DA:15,10
DA:18,6
DA:21,10
DA:22,6
DA:23,6
DA:24,1
DA:27,5
DA:29,1
DA:32,4
DA:33,1
DA:35,3
DA:36,1
DA:38,2
DA:40,26
DA:42,16
DA:43,16
DA:47,2
LF:21
LH:21
BRDA:23,0,0,1
BRDA:23,0,1,5
BRDA:27,1,0,1
BRDA:27,1,1,4
BRDA:32,2,0,1
BRDA:32,2,1,3
BRDA:35,3,0,1
BRDA:35,3,1,2
BRDA:35,4,0,3
BRDA:35,4,1,3
BRF:10
BRH:10
end_of_record
